<?xml version="1.0" encoding="UTF-8"?>
<!-- Generated by org.testng.reporters.JUnitReportReporter -->
<testsuite hostname="LAPTOP-01T56F6B" failures="0" tests="1" name="Restassuredtraining.Restassuredtraining1.postrequestusingexternaljsonfile" time="2.479" errors="0" timestamp="2025-01-21T23:27:05 IST" skipped="0">
  <testcase classname="Restassuredtraining.Restassuredtraining1.postrequestusingexternaljsonfile" name="getmethod" time="2.479"/>
</testsuite> <!-- Restassuredtraining.Restassuredtraining1.postrequestusingexternaljsonfile -->
