<?xml version="1.0" encoding="UTF-8"?>
<!-- Generated by org.testng.reporters.JUnitReportReporter -->
<testsuite hostname="LAPTOP-01T56F6B" failures="0" tests="4" name="Restassuredtraining.Restassuredtraining1.Httpmethods" time="4.433" errors="0" timestamp="2025-01-21T20:14:06 IST" skipped="0">
  <testcase classname="Restassuredtraining.Restassuredtraining1.Httpmethods" name="getuserslist" time="2.488"/>
  <testcase classname="Restassuredtraining.Restassuredtraining1.Httpmethods" name="createuser" time="0.702"/>
  <testcase classname="Restassuredtraining.Restassuredtraining1.Httpmethods" name="updateuser" time="0.621"/>
  <testcase classname="Restassuredtraining.Restassuredtraining1.Httpmethods" name="deleteuser" time="0.622"/>
</testsuite> <!-- Restassuredtraining.Restassuredtraining1.Httpmethods -->
